<?xml version="1.0" encoding="UTF-8"?>
<testsuite name="com.beyond.basic.BasicApplicationTests" tests="1" skipped="0" failures="0" errors="0" timestamp="2024-07-10T07:25:43" hostname="LAPTOP-4VMQR0JF" time="0.288">
  <properties/>
  <testcase name="contextLoads()" classname="com.beyond.basic.BasicApplicationTests" time="0.288"/>
  <system-out><![CDATA[16:25:41.373 [Test worker] DEBUG org.springframework.test.context.BootstrapUtils - Instantiating CacheAwareContextLoaderDelegate from class [org.springframework.test.context.cache.DefaultCacheAwareContextLoaderDelegate]
16:25:41.382 [Test worker] DEBUG org.springframework.test.context.BootstrapUtils - Instantiating BootstrapContext using constructor [public org.springframework.test.context.support.DefaultBootstrapContext(java.lang.Class,org.springframework.test.context.CacheAwareContextLoaderDelegate)]
16:25:41.408 [Test worker] DEBUG org.springframework.test.context.BootstrapUtils - Instantiating TestContextBootstrapper for test class [com.beyond.basic.BasicApplicationTests] from class [org.springframework.boot.test.context.SpringBootTestContextBootstrapper]
16:25:41.417 [Test worker] INFO org.springframework.boot.test.context.SpringBootTestContextBootstrapper - Neither @ContextConfiguration nor @ContextHierarchy found for test class [com.beyond.basic.BasicApplicationTests], using SpringBootContextLoader
16:25:41.420 [Test worker] DEBUG org.springframework.test.context.support.AbstractContextLoader - Did not detect default resource location for test class [com.beyond.basic.BasicApplicationTests]: class path resource [com/beyond/basic/BasicApplicationTests-context.xml] does not exist
16:25:41.421 [Test worker] DEBUG org.springframework.test.context.support.AbstractContextLoader - Did not detect default resource location for test class [com.beyond.basic.BasicApplicationTests]: class path resource [com/beyond/basic/BasicApplicationTestsContext.groovy] does not exist
16:25:41.421 [Test worker] INFO org.springframework.test.context.support.AbstractContextLoader - Could not detect default resource locations for test class [com.beyond.basic.BasicApplicationTests]: no resource found for suffixes {-context.xml, Context.groovy}.
16:25:41.422 [Test worker] INFO org.springframework.test.context.support.AnnotationConfigContextLoaderUtils - Could not detect default configuration classes for test class [com.beyond.basic.BasicApplicationTests]: BasicApplicationTests does not declare any static, non-private, non-final, nested classes annotated with @Configuration.
16:25:41.453 [Test worker] DEBUG org.springframework.test.context.support.ActiveProfilesUtils - Could not find an 'annotation declaring class' for annotation type [org.springframework.test.context.ActiveProfiles] and class [com.beyond.basic.BasicApplicationTests]
16:25:41.512 [Test worker] DEBUG org.springframework.context.annotation.ClassPathScanningCandidateComponentProvider - Identified candidate component class: file [C:\Users\Playdata\Downloads\basic\build\classes\java\main\com\beyond\basic\BasicApplication.class]
16:25:41.513 [Test worker] INFO org.springframework.boot.test.context.SpringBootTestContextBootstrapper - Found @SpringBootConfiguration com.beyond.basic.BasicApplication for test class com.beyond.basic.BasicApplicationTests
16:25:41.600 [Test worker] DEBUG org.springframework.boot.test.context.SpringBootTestContextBootstrapper - @TestExecutionListeners is not present for class [com.beyond.basic.BasicApplicationTests]: using defaults.
16:25:41.601 [Test worker] INFO org.springframework.boot.test.context.SpringBootTestContextBootstrapper - Loaded default TestExecutionListener class names from location [META-INF/spring.factories]: [org.springframework.boot.test.autoconfigure.restdocs.RestDocsTestExecutionListener, org.springframework.boot.test.autoconfigure.web.client.MockRestServiceServerResetTestExecutionListener, org.springframework.boot.test.autoconfigure.web.servlet.MockMvcPrintOnlyOnFailureTestExecutionListener, org.springframework.boot.test.autoconfigure.web.servlet.WebDriverTestExecutionListener, org.springframework.boot.test.autoconfigure.webservices.client.MockWebServiceServerTestExecutionListener, org.springframework.boot.test.mock.mockito.MockitoTestExecutionListener, org.springframework.boot.test.mock.mockito.ResetMocksTestExecutionListener, org.springframework.test.context.web.ServletTestExecutionListener, org.springframework.test.context.support.DirtiesContextBeforeModesTestExecutionListener, org.springframework.test.context.event.ApplicationEventsTestExecutionListener, org.springframework.test.context.support.DependencyInjectionTestExecutionListener, org.springframework.test.context.support.DirtiesContextTestExecutionListener, org.springframework.test.context.transaction.TransactionalTestExecutionListener, org.springframework.test.context.jdbc.SqlScriptsTestExecutionListener, org.springframework.test.context.event.EventPublishingTestExecutionListener]
16:25:41.609 [Test worker] DEBUG org.springframework.boot.test.context.SpringBootTestContextBootstrapper - Skipping candidate TestExecutionListener [org.springframework.test.context.transaction.TransactionalTestExecutionListener] due to a missing dependency. Specify custom listener classes or make the default listener classes and their required dependencies available. Offending class: [org/springframework/transaction/interceptor/TransactionAttributeSource]
16:25:41.610 [Test worker] DEBUG org.springframework.boot.test.context.SpringBootTestContextBootstrapper - Skipping candidate TestExecutionListener [org.springframework.test.context.jdbc.SqlScriptsTestExecutionListener] due to a missing dependency. Specify custom listener classes or make the default listener classes and their required dependencies available. Offending class: [org/springframework/transaction/interceptor/TransactionAttribute]
16:25:41.610 [Test worker] INFO org.springframework.boot.test.context.SpringBootTestContextBootstrapper - Using TestExecutionListeners: [org.springframework.test.context.web.ServletTestExecutionListener@2575f671, org.springframework.test.context.support.DirtiesContextBeforeModesTestExecutionListener@329a1243, org.springframework.test.context.event.ApplicationEventsTestExecutionListener@ecf9fb3, org.springframework.boot.test.mock.mockito.MockitoTestExecutionListener@2d35442b, org.springframework.boot.test.autoconfigure.SpringBootDependencyInjectionTestExecutionListener@27f9e982, org.springframework.test.context.support.DirtiesContextTestExecutionListener@4593ff34, org.springframework.test.context.event.EventPublishingTestExecutionListener@37d3d232, org.springframework.boot.test.autoconfigure.restdocs.RestDocsTestExecutionListener@30c0ccff, org.springframework.boot.test.autoconfigure.web.client.MockRestServiceServerResetTestExecutionListener@581d969c, org.springframework.boot.test.autoconfigure.web.servlet.MockMvcPrintOnlyOnFailureTestExecutionListener@22db8f4, org.springframework.boot.test.autoconfigure.web.servlet.WebDriverTestExecutionListener@2b46a8c1, org.springframework.boot.test.autoconfigure.webservices.client.MockWebServiceServerTestExecutionListener@1d572e62, org.springframework.boot.test.mock.mockito.ResetMocksTestExecutionListener@29caf222]
16:25:41.613 [Test worker] DEBUG org.springframework.test.context.support.AbstractDirtiesContextTestExecutionListener - Before test class: context [DefaultTestContext@2a2bb0eb testClass = BasicApplicationTests, testInstance = [null], testMethod = [null], testException = [null], mergedContextConfiguration = [WebMergedContextConfiguration@3c291aad testClass = BasicApplicationTests, locations = '{}', classes = '{class com.beyond.basic.BasicApplication}', contextInitializerClasses = '[]', activeProfiles = '{}', propertySourceLocations = '{}', propertySourceProperties = '{org.springframework.boot.test.context.SpringBootTestContextBootstrapper=true}', contextCustomizers = set[org.springframework.boot.test.autoconfigure.actuate.metrics.MetricsExportContextCustomizerFactory$DisableMetricExportContextCustomizer@20a8a64e, org.springframework.boot.test.autoconfigure.properties.PropertyMappingContextCustomizer@0, org.springframework.boot.test.autoconfigure.web.servlet.WebDriverContextCustomizerFactory$Customizer@42f48531, org.springframework.boot.test.context.filter.ExcludeFilterContextCustomizer@4c4d27c8, org.springframework.boot.test.json.DuplicateJsonObjectContextCustomizerFactory$DuplicateJsonObjectContextCustomizer@129b4fe2, org.springframework.boot.test.mock.mockito.MockitoContextCustomizer@0, org.springframework.boot.test.web.client.TestRestTemplateContextCustomizer@ed3068a, org.springframework.boot.test.context.SpringBootTestArgs@1, org.springframework.boot.test.context.SpringBootTestWebEnvironment@14f232c4], resourceBasePath = 'src/main/webapp', contextLoader = 'org.springframework.boot.test.context.SpringBootContextLoader', parent = [null]], attributes = map['org.springframework.test.context.web.ServletTestExecutionListener.activateListener' -> true]], class annotated with @DirtiesContext [false] with mode [null].

  .   ____          _            __ _ _
 /\\ / ___'_ __ _ _(_)_ __  __ _ \ \ \ \
( ( )\___ | '_ | '_| | '_ \/ _` | \ \ \ \
 \\/  ___)| |_)| | | | | || (_| |  ) ) ) )
  '  |____| .__|_| |_|_| |_\__, | / / / /
 =========|_|==============|___/=/_/_/_/
 :: Spring Boot ::               (v2.7.11)

2024-07-10 16:25:41.893  INFO 1332 --- [    Test worker] com.beyond.basic.BasicApplicationTests   : Starting BasicApplicationTests using Java 11.0.22 on LAPTOP-4VMQR0JF with PID 1332 (started by Playdata in C:\Users\Playdata\Downloads\basic)
2024-07-10 16:25:41.894  INFO 1332 --- [    Test worker] com.beyond.basic.BasicApplicationTests   : No active profile set, falling back to 1 default profile: "default"
2024-07-10 16:25:43.202  INFO 1332 --- [    Test worker] com.beyond.basic.BasicApplicationTests   : Started BasicApplicationTests in 1.56 seconds (JVM running for 2.815)
]]></system-out>
  <system-err><![CDATA[]]></system-err>
</testsuite>
